<?xml version="1.0" encoding="UTF-8"?>
<testng-results ignored="0" total="2" passed="1" failed="1" skipped="0">
  <reporter-output>
  </reporter-output>
  <suite started-at="2020-04-07T17:41:14 IDT" name="Suite" finished-at="2020-04-07T17:41:46 IDT" duration-ms="31242">
    <groups>
    </groups>
    <test started-at="2020-04-07T17:41:14 IDT" name="Test" finished-at="2020-04-07T17:41:46 IDT" duration-ms="31242">
      <class name="Test.ExtentReportsDemoWithTestNG">
        <test-method is-config="true" signature="setUp()[pri:0, instance:Test.ExtentReportsDemoWithTestNG@45f45fa1]" started-at="2020-04-07T17:41:14 IDT" name="setUp" finished-at="2020-04-07T17:41:14 IDT" duration-ms="243" status="PASS">
          <reporter-output>
          </reporter-output>
        </test-method> <!-- setUp -->
        <test-method is-config="true" signature="setUpTest()[pri:0, instance:Test.ExtentReportsDemoWithTestNG@45f45fa1]" started-at="2020-04-07T17:41:14 IDT" name="setUpTest" finished-at="2020-04-07T17:41:22 IDT" duration-ms="7158" status="PASS">
          <reporter-output>
          </reporter-output>
        </test-method> <!-- setUpTest -->
        <test-method signature="test1()[pri:0, instance:Test.ExtentReportsDemoWithTestNG@45f45fa1]" started-at="2020-04-07T17:41:22 IDT" name="test1" finished-at="2020-04-07T17:41:45 IDT" duration-ms="23349" status="FAIL">
          <exception class="java.lang.AssertionError">
            <message>
              <![CDATA[The following asserts failed:
Titles not match expected [Google] but found [Goole]]]>
            </message>
            <full-stacktrace>
              <![CDATA[java.lang.AssertionError: The following asserts failed:
Titles not match expected [Google] but found [Goole]
at org.testng.asserts.SoftAssert.assertAll(SoftAssert.java:47)
at org.testng.asserts.SoftAssert.assertAll(SoftAssert.java:31)
at Test.ExtentReportsDemoWithTestNG.test1(ExtentReportsDemoWithTestNG.java:109)
at java.base/jdk.internal.reflect.NativeMethodAccessorImpl.invoke0(Native Method)
at java.base/jdk.internal.reflect.NativeMethodAccessorImpl.invoke(NativeMethodAccessorImpl.java:62)
at java.base/jdk.internal.reflect.DelegatingMethodAccessorImpl.invoke(DelegatingMethodAccessorImpl.java:43)
at java.base/java.lang.reflect.Method.invoke(Method.java:567)
at org.testng.internal.MethodInvocationHelper.invokeMethod(MethodInvocationHelper.java:134)
at org.testng.internal.TestInvoker.invokeMethod(TestInvoker.java:597)
at org.testng.internal.TestInvoker.invokeTestMethod(TestInvoker.java:173)
at org.testng.internal.MethodRunner.runInSequence(MethodRunner.java:46)
at org.testng.internal.TestInvoker$MethodInvocationAgent.invoke(TestInvoker.java:816)
at org.testng.internal.TestInvoker.invokeTestMethods(TestInvoker.java:146)
at org.testng.internal.TestMethodWorker.invokeTestMethods(TestMethodWorker.java:146)
at org.testng.internal.TestMethodWorker.run(TestMethodWorker.java:128)
at java.base/java.util.ArrayList.forEach(ArrayList.java:1540)
at org.testng.TestRunner.privateRun(TestRunner.java:766)
at org.testng.TestRunner.run(TestRunner.java:587)
at org.testng.SuiteRunner.runTest(SuiteRunner.java:384)
at org.testng.SuiteRunner.runSequentially(SuiteRunner.java:378)
at org.testng.SuiteRunner.privateRun(SuiteRunner.java:337)
at org.testng.SuiteRunner.run(SuiteRunner.java:286)
at org.testng.SuiteRunnerWorker.runSuite(SuiteRunnerWorker.java:53)
at org.testng.SuiteRunnerWorker.run(SuiteRunnerWorker.java:96)
at org.testng.TestNG.runSuitesSequentially(TestNG.java:1187)
at org.testng.TestNG.runSuitesLocally(TestNG.java:1109)
at org.testng.TestNG.runSuites(TestNG.java:1039)
at org.testng.TestNG.run(TestNG.java:1007)
at org.apache.maven.surefire.testng.TestNGExecutor.run(TestNGExecutor.java:283)
at org.apache.maven.surefire.testng.TestNGXmlTestSuite.execute(TestNGXmlTestSuite.java:75)
at org.apache.maven.surefire.testng.TestNGProvider.invoke(TestNGProvider.java:120)
at org.apache.maven.surefire.booter.ForkedBooter.invokeProviderInSameClassLoader(ForkedBooter.java:384)
at org.apache.maven.surefire.booter.ForkedBooter.runSuitesInProcess(ForkedBooter.java:345)
at org.apache.maven.surefire.booter.ForkedBooter.execute(ForkedBooter.java:126)
at org.apache.maven.surefire.booter.ForkedBooter.main(ForkedBooter.java:418)
]]>
            </full-stacktrace>
          </exception> <!-- java.lang.AssertionError -->
          <reporter-output>
          </reporter-output>
        </test-method> <!-- test1 -->
        <test-method is-config="true" signature="getTestResult(org.testng.ITestResult)[pri:0, instance:Test.ExtentReportsDemoWithTestNG@45f45fa1]" started-at="2020-04-07T17:41:45 IDT" name="getTestResult" finished-at="2020-04-07T17:41:45 IDT" duration-ms="5" status="PASS">
          <params>
            <param index="0">
              <value>
                <![CDATA[[TestResult name=test1 status=FAILURE method=ExtentReportsDemoWithTestNG.test1()[pri:0, instance:Test.ExtentReportsDemoWithTestNG@45f45fa1] output={null}]]]>
              </value>
            </param>
          </params>
          <reporter-output>
          </reporter-output>
        </test-method> <!-- getTestResult -->
        <test-method signature="test2()[pri:0, instance:Test.ExtentReportsDemoWithTestNG@45f45fa1]" started-at="2020-04-07T17:41:45 IDT" name="test2" finished-at="2020-04-07T17:41:45 IDT" duration-ms="4" status="PASS">
          <reporter-output>
          </reporter-output>
        </test-method> <!-- test2 -->
        <test-method is-config="true" signature="getTestResult(org.testng.ITestResult)[pri:0, instance:Test.ExtentReportsDemoWithTestNG@45f45fa1]" started-at="2020-04-07T17:41:45 IDT" name="getTestResult" finished-at="2020-04-07T17:41:45 IDT" duration-ms="0" status="PASS">
          <params>
            <param index="0">
              <value>
                <![CDATA[[TestResult name=test2 status=SUCCESS method=ExtentReportsDemoWithTestNG.test2()[pri:0, instance:Test.ExtentReportsDemoWithTestNG@45f45fa1] output={null}]]]>
              </value>
            </param>
          </params>
          <reporter-output>
          </reporter-output>
        </test-method> <!-- getTestResult -->
        <test-method is-config="true" signature="tearDownTest()[pri:0, instance:Test.ExtentReportsDemoWithTestNG@45f45fa1]" started-at="2020-04-07T17:41:45 IDT" name="tearDownTest" finished-at="2020-04-07T17:41:46 IDT" duration-ms="659" status="PASS">
          <reporter-output>
          </reporter-output>
        </test-method> <!-- tearDownTest -->
      </class> <!-- Test.ExtentReportsDemoWithTestNG -->
    </test> <!-- Test -->
  </suite> <!-- Suite -->
</testng-results>
